build/app/outputs/mapping/release/seeds.txt
com.wayforce.wayforce.MainActivity
com.wayforce.wayforce.MainActivity: MainActivity()
...
com.luck.picture.lib.PictureSelectionModel: com.luck.picture.lib.PictureSelectionModel setPictureStyle(com.luck.picture.lib.style.PictureParameterStyle)
androidx.core.widget.EdgeEffectCompat$Api31Impl: float onPullDistance(android.widget.EdgeEffect,float,float)
com.luck.picture.lib.widget.RecyclerPreloadView: int getLastVisiblePosition()
com.luck.picture.lib.adapter.PictureImageGridAdapter: void setOnPhotoSelectChangedListener(com.luck.picture.lib.listener.OnPhotoSelectChangedListener)
com.luck.picture.lib.io.GroupedLinkedMap: void makeHead(com.luck.picture.lib.io.GroupedLinkedMap$LinkedEntry)
androidx.appcompat.app.AppCompatActivity: android.content.Intent getSupportParentActivityIntent()
com.luck.picture.lib.widget.longimage.SubsamplingScaleImageView$DefaultOnAnimationEventListener: void onInterruptedByUser()
com.google.android.gms.internal.measurement.zzdb: zzdb()
io.flutter.embedding.android.FlutterSurfaceView: io.flutter.embedding.engine.renderer.FlutterRenderer getAttachedRenderer()
androidx.vectordrawable.graphics.drawable.VectorDrawableCompat$VFullPath: void setTrimPathOffset(float)
io.flutter.plugins.imagepicker.Messages$MediaSelectionOptions: Messages$MediaSelectionOptions()
com.luck.picture.lib.camera.CustomCameraView: void access$1900(com.luck.picture.lib.camera.CustomCameraView)
com.luck.picture.lib.photoview.PhotoView: void getDisplayMatrix(android.graphics.Matrix)
androidx.core.content.res.FontResourcesParserCompat$Api21Impl: int getType(android.content.res.TypedArray,int)
com.yalantis.ucrop.view.OverlayView: void onDraw(android.graphics.Canvas)
androidx.recyclerview.widget.RecyclerView: void removeRecyclerListener(androidx.recyclerview.widget.RecyclerView$RecyclerListener)
androidx.appcompat.widget.ActionBarContextView: void setTitle(java.lang.CharSequence)
com.luck.picture.lib.widget.longimage.SubsamplingScaleImageView: void access$6100(com.luck.picture.lib.widget.longimage.SubsamplingScaleImageView,android.graphics.Bitmap,int,boolean)
com.dexterous.flutterlocalnotifications.FlutterLocalNotificationsPlugin: void rescheduleNotifications(android.content.Context)
com.luck.picture.lib.adapter.PictureImageGridAdapter: java.util.List getSelectedData()
androidx.window.core.Version$Companion: androidx.window.core.Version getVERSION_1_0()
androidx.constraintlayout.solver.widgets.Guideline: Guideline()
androidx.core.app.CoreComponentFactory: CoreComponentFactory()
androidx.appcompat.widget.AppCompatImageView: android.content.res.ColorStateList getSupportBackgroundTintList()
io.flutter.view.AccessibilityViewEmbedder: android.view.View platformViewOfNode(int)
com.luck.picture.lib.photoview.PhotoViewAttacher: int access$1100(com.luck.picture.lib.photoview.PhotoViewAttacher,android.widget.ImageView)
com.luck.picture.lib.PictureCustomCameraActivity: void showPermissionsDialog(boolean,java.lang.String[],java.lang.String)
com.google.android.material.textfield.TextInputLayout: android.graphics.drawable.Drawable getOrCreateFilledDropDownMenuBackground()
com.google.firebase.inappmessaging.model.RateLimit: RateLimit()
com.dexterous.flutterlocalnotifications.models.NotificationStyle: com.dexterous.flutterlocalnotifications.models.NotificationStyle valueOf(java.lang.String)
com.yalantis.ucrop.UCrop: void startMultiple(android.app.Activity)
androidx.cardview.widget.CardView: void setMaxCardElevation(float)
com.amazonaws.util.AWSRequestMetrics$Field: com.amazonaws.util.AWSRequestMetrics$Field valueOf(java.lang.String)
com.luck.picture.lib.tools.SPUtils: void put(java.lang.String,long,boolean)
com.luck.picture.lib.PictureSelectionModel: com.luck.picture.lib.PictureSelectionModel minSelectNum(int)
com.google.android.material.floatingactionbutton.FloatingActionButton: float getCompatPressedTranslationZ()
com.google.firebase.firestore.core.FieldFilter$Operator: com.google.firebase.firestore.core.FieldFilter$Operator valueOf(java.lang.String)
androidx.recyclerview.widget.RecyclerView: boolean isLayoutSuppressed()